


ARM Macro Assembler    Page 1 


    1 00000000                 AREA             StringLength, CODE, READONLY
    2 00000000                 IMPORT           main
    3 00000000                 EXPORT           start
    4 00000000         
    5 00000000         start
    6 00000000 E59F1014        LDR              R1, =str1
    7 00000004 E3E02000        MOV              R2, #-1
    8 00000008         loop
    9 00000008 E2822001        ADD              R2, R2, #1
   10 0000000C E4D13001        LDRB             R3, [R1], #1
   11 00000010 E3530000        CMP              R3, #0
   12 00000014         
   13 00000014 1AFFFFFB        BNE              loop
   14 00000018         
   15 00000018 E1A00002        MOV              R0, R2
   16 0000001C         
   17 0000001C         
   18 0000001C         
   19 0000001C         
   20 0000001C         
   21 0000001C         
   22 0000001C         
   23 0000001C         
   24 0000001C         
   25 0000001C         
   26 0000001C         
   27 0000001C 00000000        AREA             TestData, DATA, READWRITE
   28 00000000         
   29 00000000 46 72 69 
              64 61 79 
              00       str1    DCB              "Friday",0
   30 00000007         
   31 00000007                 END
Command Line: --debug --xref --diag_suppress=9931 --apcs=interwork --depend=.\s
tringlength.d -o.\stringlength.o -IC:\Keil_v5\ARM\RV31\INC -IC:\Keil_v5\ARM\CMS
IS\Include -IC:\Keil_v5\ARM\INC\Philips --predefine="__EVAL SETA 1" --predefine
="__MICROLIB SETA 1" --predefine="__UVISION_VERSION SETA 524" --predefine="NO_C
LOCK_SETUP SETA 1" --predefine="NO_EMC_SETUP SETA 1" --predefine="RAM_INTVEC SE
TA 1" --predefine="RAM_MODE SETA 1" --predefine="REMAP SETA 1" --list=.\stringl
ength.lst StringLength.s



ARM Macro Assembler    Page 1 Alphabetic symbol ordering
Relocatable symbols

StringLength 00000000

Symbol: StringLength
   Definitions
      At line 1 in file StringLength.s
   Uses
      None
Comment: StringLength unused
loop 00000008

Symbol: loop
   Definitions
      At line 8 in file StringLength.s
   Uses
      At line 13 in file StringLength.s
Comment: loop used once
start 00000000

Symbol: start
   Definitions
      At line 5 in file StringLength.s
   Uses
      At line 3 in file StringLength.s
Comment: start used once
3 symbols



ARM Macro Assembler    Page 1 Alphabetic symbol ordering
Relocatable symbols

TestData 00000000

Symbol: TestData
   Definitions
      At line 27 in file StringLength.s
   Uses
      None
Comment: TestData unused
str1 00000000

Symbol: str1
   Definitions
      At line 29 in file StringLength.s
   Uses
      At line 6 in file StringLength.s
Comment: str1 used once
2 symbols



ARM Macro Assembler    Page 1 Alphabetic symbol ordering
External symbols

main 00000000

Symbol: main
   Definitions
      At line 2 in file StringLength.s
   Uses
      None
Comment: main unused
1 symbol
346 symbols in table
