{\rtf1\ansi\ansicpg1252\cocoartf1671\cocoasubrtf100
{\fonttbl\f0\fnil\fcharset0 Menlo-Bold;\f1\fnil\fcharset0 Menlo-Regular;}
{\colortbl;\red255\green255\blue255;\red0\green0\blue0;\red200\green20\blue201;\red47\green180\blue29;
}
{\*\expandedcolortbl;;\csgray\c0;\cssrgb\c83396\c23075\c82664;\cssrgb\c20238\c73898\c14947;
}
\paperw11900\paperh16840\margl1440\margr1440\vieww10800\viewh8400\viewkind0
\pard\tx560\tx1120\tx1680\tx2240\tx2800\tx3360\tx3920\tx4480\tx5040\tx5600\tx6160\tx6720\pardirnatural\partightenfactor0

\f0\b\fs22 \cf2 \CocoaLigature0 sumofhellos.c:14:44: \cf3 warning: \cf2 format specifies type 'int' but the argument has
\f1\b0 \

\f0\b       type 'void *' [-Wformat]
\f1\b0 \
    printf("\\n%d: Hello World, from %s!\\n",threadid,USERNAME );\

\f0\b \cf4               ~~                           ^~~~~~~~
\f1\b0 \cf2 \

\f0\b sumofhellos.c:25:57: \cf3 warning: \cf2 cast to 'void *' from smaller integer type 'int'
\f1\b0 \

\f0\b       [-Wint-to-void-pointer-cast]
\f1\b0 \
        rc = pthread_create(&threads[t],NULL,PrintHello,(void *)t);\

\f0\b \cf4                                                         ^
\f1\b0 \cf2 \
2 warnings generated.\
Davys-MacBook-Pro:desktop davynolan$ ./sum\
Creating thread 0\
Creating thread 1\
\
0: Hello World, from dnolan5!\
\
1: Hello World, from dnolan5!\
Creating thread 2\
Creating thread 3\
Creating thread 4\
\
2: Hello World, from dnolan5!\
Creating thread 5\
\
3: Hello World, from dnolan5!\
\
4: Hello World, from dnolan5!\
\
5: Hello World, from dnolan5!\
\
All threads done by dnolan5, x = 50}