


ARM Macro Assembler    Page 1 


    1 00000000                 AREA             Countdown, CODE, READONLY
    2 00000000                 IMPORT           main
    3 00000000                 EXPORT           start
    4 00000000         
    5 00000000         start
    6 00000000 E59F1060        LDR              R1, =cdWord ; Load start addres
                                                            s of word
    7 00000004 E59F2060        LDR              R2, =cdLetters ; Load start add
                                                            ress of letters
    8 00000008 E59F7060        LDR              R7, =cdLetterSize ;Load amount 
                                                            of letters in cdlet
                                                            ters
    9 0000000C E59F8060        LDR              R8, =cdWordSize ;Load amount of
                                                             letters in word
   10 00000010 E3A09000        LDR              R9, =0      ;count for common l
                                                            etters 
   11 00000014 E3A0A001        LDR              R10, =1     ;count for cdLetter
                                                            Size
   12 00000018         while
   13 00000018 E5913000        LDR              R3, [R1]    ;Load start address
                                                             of word
   14 0000001C E5924000        LDR              R4, [R2]    ;Load start address
                                                             of letters
   15 00000020 E1530004        CMP              R3, R4      ;if (1st letter of 
                                                            word = 1st letter o
                                                            f cdletters)
   16 00000024 1A000002        BNE              endwhile    ;{
   17 00000028         equalLetters
   18 00000028 E2899001        ADD              R9, R9, #1  ;count++}
   19 0000002C E1590008        CMP              R9, R8      ;if (letter count !
                                                            = size of word)
   20 00000030 0A00000A        BEQ              correctLetters ;{
   21 00000034         endwhile
   22 00000034 E2844001        ADD              R4, R4, #1  ;move on to next le
                                                            tter in cdletters
   23 00000038 E28AA001        ADD              R10, R10, #1 
                                                            ;letterSizeCount++}
                                                            
   24 0000003C E15A0007        CMP              R10, R7     ;if(letterSizeCount
                                                             != letterSize)
   25 00000040 0A000002        BEQ              nextLetter  ;{
   26 00000044         compare
   27 00000044 E1530004        CMP              R3, R4      ;if(letter of word 
                                                            = letter of cdlette
                                                            rs)
   28 00000048 0AFFFFF6        BEQ              equalLetters ; { repeat endwhil
                                                            e}
   29 0000004C EAFFFFF8        B                endwhile
   30 00000050         nextLetter
   31 00000050 E2833001        ADD              R3, R3, #1  ;try next letter of
                                                             word
   32 00000054 E5924000        LDR              R4, [R2]    ;go back to first l
                                                            etter of cdletters
   33 00000058 E3A0A001        LDR              R10, =1     ;reset letterSizeCo
                                                            unt
   34 0000005C EAFFFFF8        B                compare
   35 00000060         correctLetters
   36 00000060 E3A00001        LDR              R0, =1      ;if the word can be
                                                             created from lette



ARM Macro Assembler    Page 2 


                                                            rs
   37 00000064         ;in cdletters, then put 1 in R0
   38 00000064         
   39 00000064         
   40 00000064         
   41 00000064 EAFFFFFE 
                       stop    B                stop
   42 00000068         
   43 00000068         
   44 00000068         
   45 00000068 00000000 
              00000000 
              00000000 
              00000000         AREA             TestData, DATA, READWRITE
   46 00000000         
   47 00000000         cdWord
   48 00000000 62 65 65 
              74 73 00         DCB              "beets",0
   49 00000006 00 00 00000005 
                       cdWordSize
                               DCD              5
   50 0000000C         cdLetters
   51 0000000C 64 61 65 
              74 65 62 
              7A 73 62 
              00               DCB              "daetebzsb",0
   52 00000016 00 00 00000009 
                       cdLetterSize
                               DCD              9
   53 0000001C                 END
Command Line: --debug --xref --diag_suppress=9931 --apcs=interwork --depend=.\c
ountdown.d -o.\countdown.o -IC:\Keil_v5\ARM\RV31\INC -IC:\Keil_v5\ARM\CMSIS\Inc
lude -IC:\Keil_v5\ARM\INC\Philips --predefine="__EVAL SETA 1" --predefine="__MI
CROLIB SETA 1" --predefine="__UVISION_VERSION SETA 524" --predefine="NO_CLOCK_S
ETUP SETA 1" --predefine="NO_EMC_SETUP SETA 1" --predefine="RAM_INTVEC SETA 1" 
--predefine="RAM_MODE SETA 1" --predefine="REMAP SETA 1" --list=.\countdown.lst
 Countdown.s



ARM Macro Assembler    Page 1 Alphabetic symbol ordering
Relocatable symbols

Countdown 00000000

Symbol: Countdown
   Definitions
      At line 1 in file Countdown.s
   Uses
      None
Comment: Countdown unused
compare 00000044

Symbol: compare
   Definitions
      At line 26 in file Countdown.s
   Uses
      At line 34 in file Countdown.s
Comment: compare used once
correctLetters 00000060

Symbol: correctLetters
   Definitions
      At line 35 in file Countdown.s
   Uses
      At line 20 in file Countdown.s
Comment: correctLetters used once
endwhile 00000034

Symbol: endwhile
   Definitions
      At line 21 in file Countdown.s
   Uses
      At line 16 in file Countdown.s
      At line 29 in file Countdown.s

equalLetters 00000028

Symbol: equalLetters
   Definitions
      At line 17 in file Countdown.s
   Uses
      At line 28 in file Countdown.s
Comment: equalLetters used once
nextLetter 00000050

Symbol: nextLetter
   Definitions
      At line 30 in file Countdown.s
   Uses
      At line 25 in file Countdown.s
Comment: nextLetter used once
start 00000000

Symbol: start
   Definitions
      At line 5 in file Countdown.s
   Uses
      At line 3 in file Countdown.s
Comment: start used once
stop 00000064




ARM Macro Assembler    Page 2 Alphabetic symbol ordering
Relocatable symbols

Symbol: stop
   Definitions
      At line 41 in file Countdown.s
   Uses
      At line 41 in file Countdown.s
Comment: stop used once
while 00000018

Symbol: while
   Definitions
      At line 12 in file Countdown.s
   Uses
      None
Comment: while unused
9 symbols



ARM Macro Assembler    Page 1 Alphabetic symbol ordering
Relocatable symbols

TestData 00000000

Symbol: TestData
   Definitions
      At line 45 in file Countdown.s
   Uses
      None
Comment: TestData unused
cdLetterSize 00000018

Symbol: cdLetterSize
   Definitions
      At line 52 in file Countdown.s
   Uses
      At line 8 in file Countdown.s
Comment: cdLetterSize used once
cdLetters 0000000C

Symbol: cdLetters
   Definitions
      At line 50 in file Countdown.s
   Uses
      At line 7 in file Countdown.s
Comment: cdLetters used once
cdWord 00000000

Symbol: cdWord
   Definitions
      At line 47 in file Countdown.s
   Uses
      At line 6 in file Countdown.s
Comment: cdWord used once
cdWordSize 00000008

Symbol: cdWordSize
   Definitions
      At line 49 in file Countdown.s
   Uses
      At line 9 in file Countdown.s
Comment: cdWordSize used once
5 symbols



ARM Macro Assembler    Page 1 Alphabetic symbol ordering
External symbols

main 00000000

Symbol: main
   Definitions
      At line 2 in file Countdown.s
   Uses
      None
Comment: main unused
1 symbol
355 symbols in table
