


ARM Macro Assembler    Page 1 


    1 00000000                 AREA             Sets, CODE, READONLY
    2 00000000                 IMPORT           main
    3 00000000                 EXPORT           start
    4 00000000         
    5 00000000         start
    6 00000000 E59F10C0        LDR              R1, =ASize  ;Load amount of ele
                                                            ments in A 
    7 00000004 E5911000        LDR              R1, [R1]    ;Load start of addr
                                                            ess of ASize
    8 00000008 E59F20BC        LDR              R2, =AElems ;Load elements of A
                                                            
    9 0000000C         
   10 0000000C E59F30BC        LDR              R3, =BSize  ;Load amount of ele
                                                            ments in B
   11 00000010 E5933000        LDR              R3, [R3]    ;Load start of addr
                                                            ess of BSize
   12 00000014 E59F40B8        LDR              R4, =BElems ;Load elements of B
                                                            
   13 00000018         
   14 00000018 E59F50B8        LDR              R5, =CSize  ;Load amount of ele
                                                            ments in C
   15 0000001C E5955000        LDR              R5, [R5]    ;Load start of addr
                                                            ess of CSize
   16 00000020 E59F60B4        LDR              R6, =CElems ;Load elements of C
                                                            
   17 00000024         
   18 00000024 E3A0903F        LDR              R9, = '?'
   19 00000028         
   20 00000028         while
   21 00000028 E3510000        CMP              R1, #0      ;if(ASize != 0)
   22 0000002C 0A000016        BEQ              endwhile1   ;{
   23 00000030 E5927000        LDR              R7, [R2]    ;R7 = start address
                                                             of AElems
   24 00000034 E5948000        LDR              R8, [R4]    ;R8 = start address
                                                             of BElems}
   25 00000038 E1570008        CMP              R7, R8      ;if(1st element of 
                                                            A = 1st element of 
                                                            B)
   26 0000003C 1A000004        BNE              endwhile2   ;{
   27 00000040 E5829000        STR              R9, [R2]    ;store start addres
                                                            s of AElems in R9
   28 00000044 E5849000        STR              R9, [R4]    ;store start addres
                                                            s of BElems in R9
   29 00000048 E2822004        ADD              R2, R2, #4  ;move on to next el
                                                            ement of A
   30 0000004C E2411001        SUB              R1, R1, #1  ;ASize--}
   31 00000050 EAFFFFF4        B                while
   32 00000054         endwhile2
   33 00000054 E3530000        CMP              R3, #0      ;if(amount of eleme
                                                            nts of B != 0)
   34 00000058 0A000002        BEQ              endwhile3   ;{
   35 0000005C E2844004        ADD              R4, R4, #4  ;move on to next el
                                                            ement of B
   36 00000060 E2433001        SUB              R3, R3, #1  ;BSize--}
   37 00000064 EAFFFFEF        B                while
   38 00000068         endwhile3
   39 00000068 E5867000        STR              R7, [R6]    ;store start addres
                                                            s of CElems in R7
   40 0000006C E2866004        ADD              R6, R6, #4  ;move on to next el



ARM Macro Assembler    Page 2 


                                                            ement of C
   41 00000070 E2855001        ADD              R5, R5, #1  ;Csize--
   42 00000074 E2822004        ADD              R2, R2, #4  ;move on to next el
                                                            ement of A
   43 00000078 E2411001        SUB              R1, R1, #1  ;ASize--
   44 0000007C E59F4050        LDR              R4, = BElems ;Load again
   45 00000080 E59F3048        LDR              R3, = BSize ;Load again
   46 00000084 E5933000        LDR              R3, [R3]    ;Load start address
                                                            
   47 00000088 EAFFFFE6        B                while
   48 0000008C         endwhile1
   49 0000008C         while2
   50 0000008C E3530000        CMP              R3, #0      ;if(amount of eleme
                                                            nts in B != 0)
   51 00000090 0A00000B        BEQ              endwhile    ;{
   52 00000094 E5948000        LDR              R8, [R4]    ;Load start address
                                                             of BElems into R8
   53 00000098 E358003F        CMP              R8, #'?'    ;if(element != '?')
                                                            
   54 0000009C 0A000005        BEQ              endwhile4   ;{
   55 000000A0 E5868000        STR              R8, [R6]    ;store start addres
                                                            s of CElems in R8
   56 000000A4 E2855001        ADD              R5, R5, #1  ;CSize++
   57 000000A8 E2866004        ADD              R6, R6, #4  ;move on to next el
                                                            ement of C
   58 000000AC E2844004        ADD              R4, R4, #4  ;move on to next el
                                                            ement of B
   59 000000B0 E2433001        SUB              R3, R3, #1  ;BSize--}
   60 000000B4 EAFFFFF4        B                while2
   61 000000B8         endwhile4
   62 000000B8 E2844004        ADD              R4, R4, #4  ;move on to next el
                                                            ement of B
   63 000000BC E2433001        SUB              R3, R3, #1  ;BSize--
   64 000000C0 EAFFFFF1        B                while2
   65 000000C4         endwhile
   66 000000C4         
   67 000000C4 EAFFFFFE 
                       stop    B                stop
   68 000000C8         
   69 000000C8         
   70 000000C8 00000000 
              00000000 
              00000000 
              00000000 
              00000000 
              00000000 
              00000000 
              00000000         AREA             TestData, DATA, READWRITE
   71 00000000         
   72 00000000 00000008 
                       ASize   DCD              8           ; Number of element
                                                            s in A
   73 00000004 00000004 
              00000006 
              00000002 
              0000000D 
              00000013 
              00000007 
              00000001 



ARM Macro Assembler    Page 3 


              00000003 AElems  DCD              4,6,2,13,19,7,1,3 
                                                            ; Elements of A
   74 00000024         
   75 00000024 00000006 
                       BSize   DCD              6           ; Number of element
                                                            s in B
   76 00000028 0000000D 
              00000009 
              00000001 
              00000009 
              00000005 
              00000008 BElems  DCD              13,9,1,9,5,8 ; Elements of B
   77 00000040         
   78 00000040 00000000 
                       CSize   DCD              0           ; Number of element
                                                            s in C
   79 00000044 00 00 00 
              00 00 00 
              00 00 00 
              00 00 00 
              00 00 00 
              00 00 00 
              00 00 00 
              00 00 00 
              00 00 00 
              00 00 00 
              00 00 00 
              00 00 00 
              00 00 00 
              00 00 00 
              00 00 00 
              00 00 00 
              00 00 00 
              00 00 00 
              00 00    CElems  SPACE            56          ; Elements of C
   80 0000007C         
   81 0000007C                 END
Command Line: --debug --xref --diag_suppress=9931 --apcs=interwork --depend=.\s
ets.d -o.\sets.o -IC:\Keil_v5\ARM\RV31\INC -IC:\Keil_v5\ARM\CMSIS\Include -IC:\
Keil_v5\ARM\INC\Philips --predefine="__EVAL SETA 1" --predefine="__MICROLIB SET
A 1" --predefine="__UVISION_VERSION SETA 524" --predefine="NO_CLOCK_SETUP SETA 
1" --predefine="NO_EMC_SETUP SETA 1" --predefine="RAM_INTVEC SETA 1" --predefin
e="RAM_MODE SETA 1" --predefine="REMAP SETA 1" --list=.\sets.lst Sets.s



ARM Macro Assembler    Page 1 Alphabetic symbol ordering
Relocatable symbols

Sets 00000000

Symbol: Sets
   Definitions
      At line 1 in file Sets.s
   Uses
      None
Comment: Sets unused
endwhile 000000C4

Symbol: endwhile
   Definitions
      At line 65 in file Sets.s
   Uses
      At line 51 in file Sets.s
Comment: endwhile used once
endwhile1 0000008C

Symbol: endwhile1
   Definitions
      At line 48 in file Sets.s
   Uses
      At line 22 in file Sets.s
Comment: endwhile1 used once
endwhile2 00000054

Symbol: endwhile2
   Definitions
      At line 32 in file Sets.s
   Uses
      At line 26 in file Sets.s
Comment: endwhile2 used once
endwhile3 00000068

Symbol: endwhile3
   Definitions
      At line 38 in file Sets.s
   Uses
      At line 34 in file Sets.s
Comment: endwhile3 used once
endwhile4 000000B8

Symbol: endwhile4
   Definitions
      At line 61 in file Sets.s
   Uses
      At line 54 in file Sets.s
Comment: endwhile4 used once
start 00000000

Symbol: start
   Definitions
      At line 5 in file Sets.s
   Uses
      At line 3 in file Sets.s
Comment: start used once
stop 000000C4

Symbol: stop



ARM Macro Assembler    Page 2 Alphabetic symbol ordering
Relocatable symbols

   Definitions
      At line 67 in file Sets.s
   Uses
      At line 67 in file Sets.s
Comment: stop used once
while 00000028

Symbol: while
   Definitions
      At line 20 in file Sets.s
   Uses
      At line 31 in file Sets.s
      At line 37 in file Sets.s
      At line 47 in file Sets.s

while2 0000008C

Symbol: while2
   Definitions
      At line 49 in file Sets.s
   Uses
      At line 60 in file Sets.s
      At line 64 in file Sets.s

10 symbols



ARM Macro Assembler    Page 1 Alphabetic symbol ordering
Relocatable symbols

AElems 00000004

Symbol: AElems
   Definitions
      At line 73 in file Sets.s
   Uses
      At line 8 in file Sets.s
Comment: AElems used once
ASize 00000000

Symbol: ASize
   Definitions
      At line 72 in file Sets.s
   Uses
      At line 6 in file Sets.s
Comment: ASize used once
BElems 00000028

Symbol: BElems
   Definitions
      At line 76 in file Sets.s
   Uses
      At line 12 in file Sets.s
      At line 44 in file Sets.s

BSize 00000024

Symbol: BSize
   Definitions
      At line 75 in file Sets.s
   Uses
      At line 10 in file Sets.s
      At line 45 in file Sets.s

CElems 00000044

Symbol: CElems
   Definitions
      At line 79 in file Sets.s
   Uses
      At line 16 in file Sets.s
Comment: CElems used once
CSize 00000040

Symbol: CSize
   Definitions
      At line 78 in file Sets.s
   Uses
      At line 14 in file Sets.s
Comment: CSize used once
TestData 00000000

Symbol: TestData
   Definitions
      At line 70 in file Sets.s
   Uses
      None
Comment: TestData unused
7 symbols



ARM Macro Assembler    Page 1 Alphabetic symbol ordering
External symbols

main 00000000

Symbol: main
   Definitions
      At line 2 in file Sets.s
   Uses
      None
Comment: main unused
1 symbol
358 symbols in table
